<?xml version="1.0" encoding="UTF-8"?>
<testsuite xmlns:xsi="http://www.w3.org/2001/XMLSchema-instance" xsi:noNamespaceSchemaLocation="https://maven.apache.org/surefire/maven-surefire-plugin/xsd/surefire-test-report.xsd" name="Test" time="0.004" tests="0" errors="0" skipped="0" failures="0">
  <properties>
    <property name="sun.desktop" value="windows"/>
    <property name="awt.toolkit" value="sun.awt.windows.WToolkit"/>
    <property name="file.encoding.pkg" value="sun.io"/>
    <property name="java.specification.version" value="1.8"/>
    <property name="sun.cpu.isalist" value="amd64"/>
    <property name="sun.jnu.encoding" value="GBK"/>
    <property name="java.class.path" value="E:\WorkSpace\IDEA\Workspace\WXAPP - 副本\target\test-classes;E:\WorkSpace\IDEA\Workspace\WXAPP - 副本\target\classes;D:\Development\maven\m_repository\org\springframework\boot\spring-boot-starter-web\2.6.6\spring-boot-starter-web-2.6.6.jar;D:\Development\maven\m_repository\org\springframework\boot\spring-boot-starter\2.6.6\spring-boot-starter-2.6.6.jar;D:\Development\maven\m_repository\org\springframework\boot\spring-boot\2.6.6\spring-boot-2.6.6.jar;D:\Development\maven\m_repository\org\springframework\boot\spring-boot-autoconfigure\2.6.6\spring-boot-autoconfigure-2.6.6.jar;D:\Development\maven\m_repository\org\springframework\boot\spring-boot-starter-logging\2.6.6\spring-boot-starter-logging-2.6.6.jar;D:\Development\maven\m_repository\ch\qos\logback\logback-classic\1.2.11\logback-classic-1.2.11.jar;D:\Development\maven\m_repository\ch\qos\logback\logback-core\1.2.11\logback-core-1.2.11.jar;D:\Development\maven\m_repository\org\apache\logging\log4j\log4j-to-slf4j\2.17.2\log4j-to-slf4j-2.17.2.jar;D:\Development\maven\m_repository\org\apache\logging\log4j\log4j-api\2.17.2\log4j-api-2.17.2.jar;D:\Development\maven\m_repository\org\slf4j\jul-to-slf4j\1.7.36\jul-to-slf4j-1.7.36.jar;D:\Development\maven\m_repository\jakarta\annotation\jakarta.annotation-api\1.3.5\jakarta.annotation-api-1.3.5.jar;D:\Development\maven\m_repository\org\springframework\spring-core\5.3.18\spring-core-5.3.18.jar;D:\Development\maven\m_repository\org\springframework\spring-jcl\5.3.18\spring-jcl-5.3.18.jar;D:\Development\maven\m_repository\org\yaml\snakeyaml\1.29\snakeyaml-1.29.jar;D:\Development\maven\m_repository\org\springframework\boot\spring-boot-starter-json\2.6.6\spring-boot-starter-json-2.6.6.jar;D:\Development\maven\m_repository\com\fasterxml\jackson\core\jackson-databind\2.13.2.2\jackson-databind-2.13.2.2.jar;D:\Development\maven\m_repository\com\fasterxml\jackson\core\jackson-annotations\2.13.2\jackson-annotations-2.13.2.jar;D:\Development\maven\m_repository\com\fasterxml\jackson\core\jackson-core\2.13.2\jackson-core-2.13.2.jar;D:\Development\maven\m_repository\com\fasterxml\jackson\datatype\jackson-datatype-jdk8\2.13.2\jackson-datatype-jdk8-2.13.2.jar;D:\Development\maven\m_repository\com\fasterxml\jackson\datatype\jackson-datatype-jsr310\2.13.2\jackson-datatype-jsr310-2.13.2.jar;D:\Development\maven\m_repository\com\fasterxml\jackson\module\jackson-module-parameter-names\2.13.2\jackson-module-parameter-names-2.13.2.jar;D:\Development\maven\m_repository\org\springframework\spring-web\5.3.18\spring-web-5.3.18.jar;D:\Development\maven\m_repository\org\springframework\spring-beans\5.3.18\spring-beans-5.3.18.jar;D:\Development\maven\m_repository\org\springframework\spring-webmvc\5.3.18\spring-webmvc-5.3.18.jar;D:\Development\maven\m_repository\org\springframework\spring-aop\5.3.18\spring-aop-5.3.18.jar;D:\Development\maven\m_repository\org\springframework\spring-context\5.3.18\spring-context-5.3.18.jar;D:\Development\maven\m_repository\org\springframework\spring-expression\5.3.18\spring-expression-5.3.18.jar;D:\Development\maven\m_repository\javax\servlet\javax.servlet-api\3.1.0\javax.servlet-api-3.1.0.jar;D:\Development\maven\m_repository\com\alibaba\fastjson\1.2.15\fastjson-1.2.15.jar;D:\Development\maven\m_repository\org\mybatis\spring\boot\mybatis-spring-boot-starter\2.2.2\mybatis-spring-boot-starter-2.2.2.jar;D:\Development\maven\m_repository\org\mybatis\spring\boot\mybatis-spring-boot-autoconfigure\2.2.2\mybatis-spring-boot-autoconfigure-2.2.2.jar;D:\Development\maven\m_repository\org\mybatis\mybatis-spring\2.0.7\mybatis-spring-2.0.7.jar;D:\Development\maven\m_repository\mysql\mysql-connector-java\8.0.28\mysql-connector-java-8.0.28.jar;D:\Development\maven\m_repository\org\springframework\boot\spring-boot-starter-jdbc\2.6.6\spring-boot-starter-jdbc-2.6.6.jar;D:\Development\maven\m_repository\com\zaxxer\HikariCP\4.0.3\HikariCP-4.0.3.jar;D:\Development\maven\m_repository\org\slf4j\slf4j-api\1.7.36\slf4j-api-1.7.36.jar;D:\Development\maven\m_repository\org\springframework\spring-jdbc\5.3.18\spring-jdbc-5.3.18.jar;D:\Development\maven\m_repository\org\springframework\spring-tx\5.3.18\spring-tx-5.3.18.jar;D:\Development\maven\m_repository\org\projectlombok\lombok\1.18.12\lombok-1.18.12.jar;D:\Development\maven\m_repository\com\alibaba\druid\1.2.1\druid-1.2.1.jar;D:\Development\maven\m_repository\org\xmlunit\xmlunit-core\2.8.4\xmlunit-core-2.8.4.jar;D:\Development\maven\m_repository\org\mybatis\mybatis\3.4.6\mybatis-3.4.6.jar;D:\Development\maven\m_repository\commons-io\commons-io\2.6\commons-io-2.6.jar;"/>
    <property name="java.vm.vendor" value="Oracle Corporation"/>
    <property name="sun.arch.data.model" value="64"/>
    <property name="user.variant" value=""/>
    <property name="java.vendor.url" value="http://java.oracle.com/"/>
    <property name="user.timezone" value="Asia/Shanghai"/>
    <property name="java.vm.specification.version" value="1.8"/>
    <property name="os.name" value="Windows 10"/>
    <property name="user.country" value="CN"/>
    <property name="sun.java.launcher" value="SUN_STANDARD"/>
    <property name="sun.boot.library.path" value="D:\Programme Files\Java\jdk1.8.0_221\jre\bin"/>
    <property name="sun.java.command" value="C:\Users\Zzkuang\AppData\Local\Temp\surefire7006435050711891699\surefirebooter6096604515345481208.jar C:\Users\Zzkuang\AppData\Local\Temp\surefire7006435050711891699 2022-05-26T16-10-06_417-jvmRun1 surefire6680705816066713139tmp surefire_01749291036280545654tmp"/>
    <property name="surefire.test.class.path" value="E:\WorkSpace\IDEA\Workspace\WXAPP - 副本\target\test-classes;E:\WorkSpace\IDEA\Workspace\WXAPP - 副本\target\classes;D:\Development\maven\m_repository\org\springframework\boot\spring-boot-starter-web\2.6.6\spring-boot-starter-web-2.6.6.jar;D:\Development\maven\m_repository\org\springframework\boot\spring-boot-starter\2.6.6\spring-boot-starter-2.6.6.jar;D:\Development\maven\m_repository\org\springframework\boot\spring-boot\2.6.6\spring-boot-2.6.6.jar;D:\Development\maven\m_repository\org\springframework\boot\spring-boot-autoconfigure\2.6.6\spring-boot-autoconfigure-2.6.6.jar;D:\Development\maven\m_repository\org\springframework\boot\spring-boot-starter-logging\2.6.6\spring-boot-starter-logging-2.6.6.jar;D:\Development\maven\m_repository\ch\qos\logback\logback-classic\1.2.11\logback-classic-1.2.11.jar;D:\Development\maven\m_repository\ch\qos\logback\logback-core\1.2.11\logback-core-1.2.11.jar;D:\Development\maven\m_repository\org\apache\logging\log4j\log4j-to-slf4j\2.17.2\log4j-to-slf4j-2.17.2.jar;D:\Development\maven\m_repository\org\apache\logging\log4j\log4j-api\2.17.2\log4j-api-2.17.2.jar;D:\Development\maven\m_repository\org\slf4j\jul-to-slf4j\1.7.36\jul-to-slf4j-1.7.36.jar;D:\Development\maven\m_repository\jakarta\annotation\jakarta.annotation-api\1.3.5\jakarta.annotation-api-1.3.5.jar;D:\Development\maven\m_repository\org\springframework\spring-core\5.3.18\spring-core-5.3.18.jar;D:\Development\maven\m_repository\org\springframework\spring-jcl\5.3.18\spring-jcl-5.3.18.jar;D:\Development\maven\m_repository\org\yaml\snakeyaml\1.29\snakeyaml-1.29.jar;D:\Development\maven\m_repository\org\springframework\boot\spring-boot-starter-json\2.6.6\spring-boot-starter-json-2.6.6.jar;D:\Development\maven\m_repository\com\fasterxml\jackson\core\jackson-databind\2.13.2.2\jackson-databind-2.13.2.2.jar;D:\Development\maven\m_repository\com\fasterxml\jackson\core\jackson-annotations\2.13.2\jackson-annotations-2.13.2.jar;D:\Development\maven\m_repository\com\fasterxml\jackson\core\jackson-core\2.13.2\jackson-core-2.13.2.jar;D:\Development\maven\m_repository\com\fasterxml\jackson\datatype\jackson-datatype-jdk8\2.13.2\jackson-datatype-jdk8-2.13.2.jar;D:\Development\maven\m_repository\com\fasterxml\jackson\datatype\jackson-datatype-jsr310\2.13.2\jackson-datatype-jsr310-2.13.2.jar;D:\Development\maven\m_repository\com\fasterxml\jackson\module\jackson-module-parameter-names\2.13.2\jackson-module-parameter-names-2.13.2.jar;D:\Development\maven\m_repository\org\springframework\spring-web\5.3.18\spring-web-5.3.18.jar;D:\Development\maven\m_repository\org\springframework\spring-beans\5.3.18\spring-beans-5.3.18.jar;D:\Development\maven\m_repository\org\springframework\spring-webmvc\5.3.18\spring-webmvc-5.3.18.jar;D:\Development\maven\m_repository\org\springframework\spring-aop\5.3.18\spring-aop-5.3.18.jar;D:\Development\maven\m_repository\org\springframework\spring-context\5.3.18\spring-context-5.3.18.jar;D:\Development\maven\m_repository\org\springframework\spring-expression\5.3.18\spring-expression-5.3.18.jar;D:\Development\maven\m_repository\javax\servlet\javax.servlet-api\3.1.0\javax.servlet-api-3.1.0.jar;D:\Development\maven\m_repository\com\alibaba\fastjson\1.2.15\fastjson-1.2.15.jar;D:\Development\maven\m_repository\org\mybatis\spring\boot\mybatis-spring-boot-starter\2.2.2\mybatis-spring-boot-starter-2.2.2.jar;D:\Development\maven\m_repository\org\mybatis\spring\boot\mybatis-spring-boot-autoconfigure\2.2.2\mybatis-spring-boot-autoconfigure-2.2.2.jar;D:\Development\maven\m_repository\org\mybatis\mybatis-spring\2.0.7\mybatis-spring-2.0.7.jar;D:\Development\maven\m_repository\mysql\mysql-connector-java\8.0.28\mysql-connector-java-8.0.28.jar;D:\Development\maven\m_repository\org\springframework\boot\spring-boot-starter-jdbc\2.6.6\spring-boot-starter-jdbc-2.6.6.jar;D:\Development\maven\m_repository\com\zaxxer\HikariCP\4.0.3\HikariCP-4.0.3.jar;D:\Development\maven\m_repository\org\slf4j\slf4j-api\1.7.36\slf4j-api-1.7.36.jar;D:\Development\maven\m_repository\org\springframework\spring-jdbc\5.3.18\spring-jdbc-5.3.18.jar;D:\Development\maven\m_repository\org\springframework\spring-tx\5.3.18\spring-tx-5.3.18.jar;D:\Development\maven\m_repository\org\projectlombok\lombok\1.18.12\lombok-1.18.12.jar;D:\Development\maven\m_repository\com\alibaba\druid\1.2.1\druid-1.2.1.jar;D:\Development\maven\m_repository\org\xmlunit\xmlunit-core\2.8.4\xmlunit-core-2.8.4.jar;D:\Development\maven\m_repository\org\mybatis\mybatis\3.4.6\mybatis-3.4.6.jar;D:\Development\maven\m_repository\commons-io\commons-io\2.6\commons-io-2.6.jar;"/>
    <property name="sun.cpu.endian" value="little"/>
    <property name="user.home" value="C:\Users\Zzkuang"/>
    <property name="user.language" value="zh"/>
    <property name="java.specification.vendor" value="Oracle Corporation"/>
    <property name="java.home" value="D:\Programme Files\Java\jdk1.8.0_221\jre"/>
    <property name="basedir" value="E:\WorkSpace\IDEA\Workspace\WXAPP - 副本"/>
    <property name="file.separator" value="\"/>
    <property name="line.separator" value="&#10;"/>
    <property name="java.vm.specification.vendor" value="Oracle Corporation"/>
    <property name="java.specification.name" value="Java Platform API Specification"/>
    <property name="java.awt.graphicsenv" value="sun.awt.Win32GraphicsEnvironment"/>
    <property name="surefire.real.class.path" value="C:\Users\Zzkuang\AppData\Local\Temp\surefire7006435050711891699\surefirebooter6096604515345481208.jar"/>
    <property name="sun.boot.class.path" value="D:\Programme Files\Java\jdk1.8.0_221\jre\lib\resources.jar;D:\Programme Files\Java\jdk1.8.0_221\jre\lib\rt.jar;D:\Programme Files\Java\jdk1.8.0_221\jre\lib\sunrsasign.jar;D:\Programme Files\Java\jdk1.8.0_221\jre\lib\jsse.jar;D:\Programme Files\Java\jdk1.8.0_221\jre\lib\jce.jar;D:\Programme Files\Java\jdk1.8.0_221\jre\lib\charsets.jar;D:\Programme Files\Java\jdk1.8.0_221\jre\lib\jfr.jar;D:\Programme Files\Java\jdk1.8.0_221\jre\classes"/>
    <property name="user.script" value=""/>
    <property name="sun.management.compiler" value="HotSpot 64-Bit Tiered Compilers"/>
    <property name="java.runtime.version" value="1.8.0_221-b11"/>
    <property name="user.name" value="Zzkuang"/>
    <property name="path.separator" value=";"/>
    <property name="os.version" value="10.0"/>
    <property name="java.endorsed.dirs" value="D:\Programme Files\Java\jdk1.8.0_221\jre\lib\endorsed"/>
    <property name="java.runtime.name" value="Java(TM) SE Runtime Environment"/>
    <property name="file.encoding" value="GBK"/>
    <property name="java.vm.name" value="Java HotSpot(TM) 64-Bit Server VM"/>
    <property name="localRepository" value="D:\Development\maven\m_repository"/>
    <property name="java.vendor.url.bug" value="http://bugreport.sun.com/bugreport/"/>
    <property name="java.io.tmpdir" value="C:\Users\Zzkuang\AppData\Local\Temp\"/>
    <property name="idea.version" value="2021.3.2"/>
    <property name="java.version" value="1.8.0_221"/>
    <property name="user.dir" value="E:\WorkSpace\IDEA\Workspace\WXAPP - 副本"/>
    <property name="os.arch" value="amd64"/>
    <property name="java.vm.specification.name" value="Java Virtual Machine Specification"/>
    <property name="java.awt.printerjob" value="sun.awt.windows.WPrinterJob"/>
    <property name="sun.os.patch.level" value=""/>
    <property name="java.library.path" value="D:\Programme Files\Java\jdk1.8.0_221\jre\bin;C:\Windows\Sun\Java\bin;C:\Windows\system32;C:\Windows;D:\Development\maven\apache-maven-3.6.3\bin;C:\Program Files (x86)\Common Files\Oracle\Java\javapath;C:\Program Files\Microsoft\jdk-17.0.1.12-hotspot\bin;D:\Development\Anaconda;D:\Development\Anaconda\Library\mingw-w64\bin;D:\Development\Anaconda\Library\usr\bin;D:\Development\Anaconda\Library\bin;D:\Development\Anaconda\Scripts;C:\Windows\system32;C:\Windows;C:\Windows\System32\Wbem;C:\Windows\System32\WindowsPowerShell\v1.0\;C:\Windows\System32\OpenSSH\;C:\Program Files (x86)\NVIDIA Corporation\PhysX\Common;C:\Program Files\NVIDIA Corporation\NVIDIA NvDLISR;D:\Programme Files\Java\jdk1.8.0_221\bin;D:\Programme Files\Java\jdk1.8.0_221\jre\bin;D:\Development\Xftp\;D:\Development\Xshell\;C:\Program Files\MySQL\MySQL Server 5.7\bin;D:\Development\Node\;D:\Development\spring-2.1.1.RELEASE\bin;&quot;D:\Development\Tomcat\apache-tomcat-8.5.78\lib;D:\Development\Tomcat\apache-tomcat-8.5.78\bin&quot;;D:\Development\Git\cmd;D:\Development\WXAPP\dll;C:\Users\Zzkuang\AppData\Local\Microsoft\WindowsApps;;D:\Programme Files\PyCharm 2020.3.5\bin;;D:\Development\Microsoft VS Code\bin;D:\Development\CLion 2021.3.2\bin;;D:\Development\IntelliJ IDEA 2021.3.2\bin;;C:\Users\Zzkuang\AppData\Roaming\npm;."/>
    <property name="java.vm.info" value="mixed mode"/>
    <property name="java.vendor" value="Oracle Corporation"/>
    <property name="java.vm.version" value="25.221-b11"/>
    <property name="java.ext.dirs" value="D:\Programme Files\Java\jdk1.8.0_221\jre\lib\ext;C:\Windows\Sun\Java\lib\ext"/>
    <property name="sun.io.unicode.encoding" value="UnicodeLittle"/>
    <property name="java.class.version" value="52.0"/>
  </properties>
</testsuite>